# JRE version: Java(TM) SE Runtime Environment (8.0_66-b17) (build 1.8.0_66-b17)
# Java VM: Java HotSpot(TM) Client VM (25.66-b17 mixed mode windows-x86 )
Heap:
 def new generation   total 39424K, used 26278K [0x04600000, 0x070c0000, 0x0f0a0000)
  eden space 35072K,  65% used [0x04600000, 0x05c6fbc0, 0x06840000)
  from space 4352K,  75% used [0x06840000, 0x06b79e10, 0x06c80000)
  to   space 4352K,   0% used [0x06c80000, 0x06c80000, 0x070c0000)
 tenured generation   total 87424K, used 25294K [0x0f0a0000, 0x14600000, 0x24600000)
   the space 87424K,  28% used [0x0f0a0000, 0x10953968, 0x10953a00, 0x14600000)
 Metaspace       used 18645K, capacity 19070K, committed 19072K, reserved 19840K
GC Heap History (10 events):
Event: 1.791 GC heap before
{Heap before GC invocations=0 (full 0):
 def new generation   total 39296K, used 34944K [0x04600000, 0x070a0000, 0x0f0a0000)
  eden space 34944K, 100% used [0x04600000, 0x06820000, 0x06820000)
  from space 4352K,   0% used [0x06820000, 0x06820000, 0x06c60000)
  to   space 4352K,   0% used [0x06c60000, 0x06c60000, 0x070a0000)
 tenured generation   total 87424K, used 0K [0x0f0a0000, 0x14600000, 0x24600000)
   the space 87424K,   0% used [0x0f0a0000, 0x0f0a0000, 0x0f0a0200, 0x14600000)
 Metaspace       used 8310K, capacity 8494K, committed 8576K, reserved 8576K
Event: 1.804 GC heap after
Heap after GC invocations=1 (full 0):
 def new generation   total 39296K, used 4352K [0x04600000, 0x070a0000, 0x0f0a0000)
  eden space 34944K,   0% used [0x04600000, 0x04600000, 0x06820000)
  from space 4352K, 100% used [0x06c60000, 0x070a0000, 0x070a0000)
  to   space 4352K,   0% used [0x06820000, 0x06820000, 0x06c60000)
 tenured generation   total 87424K, used 1991K [0x0f0a0000, 0x14600000, 0x24600000)
   the space 87424K,   2% used [0x0f0a0000, 0x0f291f48, 0x0f292000, 0x14600000)
 Metaspace       used 8310K, capacity 8494K, committed 8576K, reserved 8576K
}
Event: 2.683 GC heap before
{Heap before GC invocations=1 (full 0):
 def new generation   total 39296K, used 39296K [0x04600000, 0x070a0000, 0x0f0a0000)
  eden space 34944K, 100% used [0x04600000, 0x06820000, 0x06820000)
  from space 4352K, 100% used [0x06c60000, 0x070a0000, 0x070a0000)
  to   space 4352K,   0% used [0x06820000, 0x06820000, 0x06c60000)
 tenured generation   total 87424K, used 1991K [0x0f0a0000, 0x14600000, 0x24600000)
   the space 87424K,   2% used [0x0f0a0000, 0x0f291f48, 0x0f292000, 0x14600000)
 Metaspace       used 11587K, capacity 11950K, committed 12032K, reserved 12672K
Event: 2.701 GC heap after
Heap after GC invocations=2 (full 0):
 def new generation   total 39296K, used 4352K [0x04600000, 0x070a0000, 0x0f0a0000)
  eden space 34944K,   0% used [0x04600000, 0x04600000, 0x06820000)
  from space 4352K, 100% used [0x06820000, 0x06c60000, 0x06c60000)
  to   space 4352K,   0% used [0x06c60000, 0x06c60000, 0x070a0000)
 tenured generation   total 87424K, used 9252K [0x0f0a0000, 0x14600000, 0x24600000)
   the space 87424K,  10% used [0x0f0a0000, 0x0f9a9340, 0x0f9a9400, 0x14600000)
 Metaspace       used 11587K, capacity 11950K, committed 12032K, reserved 12672K
}
Event: 2.824 GC heap before
{Heap before GC invocations=2 (full 0):
 def new generation   total 39296K, used 9978K [0x04600000, 0x070a0000, 0x0f0a0000)
  eden space 34944K,  16% used [0x04600000, 0x04b7e920, 0x06820000)
  from space 4352K, 100% used [0x06820000, 0x06c60000, 0x06c60000)
  to   space 4352K,   0% used [0x06c60000, 0x06c60000, 0x070a0000)
 tenured generation   total 87424K, used 9252K [0x0f0a0000, 0x14600000, 0x24600000)
   the space 87424K,  10% used [0x0f0a0000, 0x0f9a9340, 0x0f9a9400, 0x14600000)
 Metaspace       used 11913K, capacity 12248K, committed 12288K, reserved 12672K
Event: 2.849 GC heap after
Heap after GC invocations=3 (full 1):
 def new generation   total 39424K, used 0K [0x04600000, 0x070c0000, 0x0f0a0000)
  eden space 35072K,   0% used [0x04600000, 0x04600000, 0x06840000)
  from space 4352K,   0% used [0x06840000, 0x06840000, 0x06c80000)
  to   space 4352K,   0% used [0x06c80000, 0x06c80000, 0x070c0000)
 tenured generation   total 87424K, used 13927K [0x0f0a0000, 0x14600000, 0x24600000)
   the space 87424K,  15% used [0x0f0a0000, 0x0fe39e28, 0x0fe3a000, 0x14600000)
 Metaspace       used 11913K, capacity 12248K, committed 12288K, reserved 12672K
}
Event: 4.066 GC heap before
{Heap before GC invocations=3 (full 1):
 def new generation   total 39424K, used 35072K [0x04600000, 0x070c0000, 0x0f0a0000)
  eden space 35072K, 100% used [0x04600000, 0x06840000, 0x06840000)
  from space 4352K,   0% used [0x06840000, 0x06840000, 0x06c80000)
  to   space 4352K,   0% used [0x06c80000, 0x06c80000, 0x070c0000)
 tenured generation   total 87424K, used 13927K [0x0f0a0000, 0x14600000, 0x24600000)
   the space 87424K,  15% used [0x0f0a0000, 0x0fe39e28, 0x0fe3a000, 0x14600000)
 Metaspace       used 15851K, capacity 16242K, committed 16256K, reserved 16768K
Event: 4.075 GC heap after
Heap after GC invocations=4 (full 1):
 def new generation   total 39424K, used 4352K [0x04600000, 0x070c0000, 0x0f0a0000)
  eden space 35072K,   0% used [0x04600000, 0x04600000, 0x06840000)
  from space 4352K, 100% used [0x06c80000, 0x070c0000, 0x070c0000)
  to   space 4352K,   0% used [0x06840000, 0x06840000, 0x06c80000)
 tenured generation   total 87424K, used 15255K [0x0f0a0000, 0x14600000, 0x24600000)
   the space 87424K,  17% used [0x0f0a0000, 0x0ff85f88, 0x0ff86000, 0x14600000)
 Metaspace       used 15851K, capacity 16242K, committed 16256K, reserved 16768K
}
Event: 118.729 GC heap before
{Heap before GC invocations=4 (full 1):
 def new generation   total 39424K, used 34742K [0x04600000, 0x070c0000, 0x0f0a0000)
  eden space 35072K,  86% used [0x04600000, 0x063ada18, 0x06840000)
  from space 4352K, 100% used [0x06c80000, 0x070c0000, 0x070c0000)
  to   space 4352K,   0% used [0x06840000, 0x06840000, 0x06c80000)
 tenured generation   total 87424K, used 15255K [0x0f0a0000, 0x14600000, 0x24600000)
   the space 87424K,  17% used [0x0f0a0000, 0x0ff85f88, 0x0ff86000, 0x14600000)
 Metaspace       used 17576K, capacity 18018K, committed 18048K, reserved 18816K
Event: 118.749 GC heap after
Heap after GC invocations=5 (full 1):
 def new generation   total 39424K, used 3303K [0x04600000, 0x070c0000, 0x0f0a0000)
  eden space 35072K,   0% used [0x04600000, 0x04600000, 0x06840000)
  from space 4352K,  75% used [0x06840000, 0x06b79e10, 0x06c80000)
  to   space 4352K,   0% used [0x06c80000, 0x06c80000, 0x070c0000)
 tenured generation   total 87424K, used 25294K [0x0f0a0000, 0x14600000, 0x24600000)
   the space 87424K,  28% used [0x0f0a0000, 0x10953968, 0x10953a00, 0x14600000)
 Metaspace       used 17576K, capacity 18018K, committed 18048K, reserved 18816K
}

